CRITICAL - 2024-04-24 00:19:42 --> ParseError: syntax error, unexpected token "exit", expecting "," or ";"
in APPPATH\Controllers\Controller.php on line 32.
 1 SYSTEMPATH\Autoloader\Autoloader.php(290): CodeIgniter\Autoloader\Autoloader->includeFile('C:\\xampp\\htdocs\\cms-tefa2\\app\\Controllers\\Controller.php')
 2 SYSTEMPATH\Autoloader\Autoloader.php(266): CodeIgniter\Autoloader\Autoloader->loadInNamespace('App\\Controllers\\Controller')
 3 [internal function]: CodeIgniter\Autoloader\Autoloader->loadClass('App\\Controllers\\Controller')
 4 SYSTEMPATH\CodeIgniter.php(899): class_exists('\\App\\Controllers\\Controller', true)
 5 SYSTEMPATH\CodeIgniter.php(489): CodeIgniter\CodeIgniter->startController()
 6 SYSTEMPATH\CodeIgniter.php(361): CodeIgniter\CodeIgniter->handleRequest(null, Object(Config\Cache), false)
 7 FCPATH\index.php(79): CodeIgniter\CodeIgniter->run()
 8 SYSTEMPATH\Commands\Server\rewrite.php(47): require_once('C:\\xampp\\htdocs\\cms-tefa2\\public\\index.php')
CRITICAL - 2024-04-24 00:21:50 --> ParseError: syntax error, unexpected token "exit", expecting "," or ";"
in APPPATH\Controllers\Controller.php on line 32.
 1 SYSTEMPATH\Autoloader\Autoloader.php(290): CodeIgniter\Autoloader\Autoloader->includeFile('C:\\xampp\\htdocs\\cms-tefa2\\app\\Controllers\\Controller.php')
 2 SYSTEMPATH\Autoloader\Autoloader.php(266): CodeIgniter\Autoloader\Autoloader->loadInNamespace('App\\Controllers\\Controller')
 3 [internal function]: CodeIgniter\Autoloader\Autoloader->loadClass('App\\Controllers\\Controller')
 4 SYSTEMPATH\CodeIgniter.php(899): class_exists('\\App\\Controllers\\Controller', true)
 5 SYSTEMPATH\CodeIgniter.php(489): CodeIgniter\CodeIgniter->startController()
 6 SYSTEMPATH\CodeIgniter.php(361): CodeIgniter\CodeIgniter->handleRequest(null, Object(Config\Cache), false)
 7 FCPATH\index.php(79): CodeIgniter\CodeIgniter->run()
 8 SYSTEMPATH\Commands\Server\rewrite.php(47): require_once('C:\\xampp\\htdocs\\cms-tefa2\\public\\index.php')
ERROR - 2024-04-24 00:33:32 --> mysqli_sql_exception: Table 'cms_tefa.mahasiswa' doesn't exist in C:\xampp\htdocs\cms-tefa2\system\Database\MySQLi\Connection.php:306
Stack trace:
#0 C:\xampp\htdocs\cms-tefa2\system\Database\MySQLi\Connection.php(306): mysqli->query('SELECT *\nFROM `...', 0)
#1 C:\xampp\htdocs\cms-tefa2\system\Database\BaseConnection.php(693): CodeIgniter\Database\MySQLi\Connection->execute('SELECT *\nFROM `...')
#2 C:\xampp\htdocs\cms-tefa2\system\Database\BaseConnection.php(607): CodeIgniter\Database\BaseConnection->simpleQuery('SELECT *\nFROM `...')
#3 C:\xampp\htdocs\cms-tefa2\system\Database\BaseBuilder.php(1616): CodeIgniter\Database\BaseConnection->query('SELECT *\nFROM `...', Array, false)
#4 C:\xampp\htdocs\cms-tefa2\system\Model.php(242): CodeIgniter\Database\BaseBuilder->get()
#5 C:\xampp\htdocs\cms-tefa2\system\BaseModel.php(638): CodeIgniter\Model->doFindAll(0, 0)
#6 C:\xampp\htdocs\cms-tefa2\app\Views\absensi\operator\dashboard.php(134): CodeIgniter\BaseModel->findAll()
#7 C:\xampp\htdocs\cms-tefa2\system\View\View.php(228): include('C:\\xampp\\htdocs...')
#8 C:\xampp\htdocs\cms-tefa2\system\View\View.php(231): CodeIgniter\View\View->CodeIgniter\View\{closure}()
#9 C:\xampp\htdocs\cms-tefa2\system\Common.php(1178): CodeIgniter\View\View->render('absensi/operato...', Array, true)
#10 C:\xampp\htdocs\cms-tefa2\app\Controllers\AbsensiRoutesController.php(46): view('absensi/operato...')
#11 C:\xampp\htdocs\cms-tefa2\system\CodeIgniter.php(941): App\Controllers\AbsensiRoutesController->operatorDashboard()
#12 C:\xampp\htdocs\cms-tefa2\system\CodeIgniter.php(502): CodeIgniter\CodeIgniter->runController(Object(App\Controllers\AbsensiRoutesController))
#13 C:\xampp\htdocs\cms-tefa2\system\CodeIgniter.php(361): CodeIgniter\CodeIgniter->handleRequest(NULL, Object(Config\Cache), false)
#14 C:\xampp\htdocs\cms-tefa2\public\index.php(79): CodeIgniter\CodeIgniter->run()
#15 C:\xampp\htdocs\cms-tefa2\system\Commands\Server\rewrite.php(47): require_once('C:\\xampp\\htdocs...')
#16 {main}
CRITICAL - 2024-04-24 00:33:32 --> CodeIgniter\Database\Exceptions\DatabaseException: Table 'cms_tefa.mahasiswa' doesn't exist
in SYSTEMPATH\Database\BaseConnection.php on line 647.
 1 SYSTEMPATH\Database\BaseBuilder.php(1616): CodeIgniter\Database\BaseConnection->query('SELECT *
FROM `akun`
INNER JOIN `mahasiswa` ON `mahasiswa`.`idakun` = `akun`.`idakun`
WHERE `role` = :role:', [...], false)
 2 SYSTEMPATH\Model.php(242): CodeIgniter\Database\BaseBuilder->get()
 3 SYSTEMPATH\BaseModel.php(638): CodeIgniter\Model->doFindAll(0, 0)
 4 APPPATH\Views\absensi\operator\dashboard.php(134): CodeIgniter\BaseModel->findAll()
 5 SYSTEMPATH\View\View.php(228): include('C:\\xampp\\htdocs\\cms-tefa2\\app\\Views\\absensi\\operator\\dashboard.php')
 6 SYSTEMPATH\View\View.php(231): CodeIgniter\View\View->CodeIgniter\View\{closure}()
 7 SYSTEMPATH\Common.php(1178): CodeIgniter\View\View->render('absensi/operator/dashboard', [], true)
 8 APPPATH\Controllers\AbsensiRoutesController.php(46): view('absensi/operator/dashboard')
 9 SYSTEMPATH\CodeIgniter.php(941): App\Controllers\AbsensiRoutesController->operatorDashboard()
10 SYSTEMPATH\CodeIgniter.php(502): CodeIgniter\CodeIgniter->runController(Object(App\Controllers\AbsensiRoutesController))
11 SYSTEMPATH\CodeIgniter.php(361): CodeIgniter\CodeIgniter->handleRequest(null, Object(Config\Cache), false)
12 FCPATH\index.php(79): CodeIgniter\CodeIgniter->run()
13 SYSTEMPATH\Commands\Server\rewrite.php(47): require_once('C:\\xampp\\htdocs\\cms-tefa2\\public\\index.php')
CRITICAL - 2024-04-24 00:33:32 --> [Caused by] CodeIgniter\Database\Exceptions\DatabaseException: Table 'cms_tefa.mahasiswa' doesn't exist
in SYSTEMPATH\Database\MySQLi\Connection.php on line 311.
 1 SYSTEMPATH\Database\BaseConnection.php(693): CodeIgniter\Database\MySQLi\Connection->execute('SELECT *
FROM `akun`
INNER JOIN `mahasiswa` ON `mahasiswa`.`idakun` = `akun`.`idakun`
WHERE `role` = \'mahasiswa\'')
 2 SYSTEMPATH\Database\BaseConnection.php(607): CodeIgniter\Database\BaseConnection->simpleQuery('SELECT *
FROM `akun`
INNER JOIN `mahasiswa` ON `mahasiswa`.`idakun` = `akun`.`idakun`
WHERE `role` = \'mahasiswa\'')
 3 SYSTEMPATH\Database\BaseBuilder.php(1616): CodeIgniter\Database\BaseConnection->query('SELECT *
FROM `akun`
INNER JOIN `mahasiswa` ON `mahasiswa`.`idakun` = `akun`.`idakun`
WHERE `role` = :role:', [...], false)
 4 SYSTEMPATH\Model.php(242): CodeIgniter\Database\BaseBuilder->get()
 5 SYSTEMPATH\BaseModel.php(638): CodeIgniter\Model->doFindAll(0, 0)
 6 APPPATH\Views\absensi\operator\dashboard.php(134): CodeIgniter\BaseModel->findAll()
 7 SYSTEMPATH\View\View.php(228): include('C:\\xampp\\htdocs\\cms-tefa2\\app\\Views\\absensi\\operator\\dashboard.php')
 8 SYSTEMPATH\View\View.php(231): CodeIgniter\View\View->CodeIgniter\View\{closure}()
 9 SYSTEMPATH\Common.php(1178): CodeIgniter\View\View->render('absensi/operator/dashboard', [], true)
10 APPPATH\Controllers\AbsensiRoutesController.php(46): view('absensi/operator/dashboard')
11 SYSTEMPATH\CodeIgniter.php(941): App\Controllers\AbsensiRoutesController->operatorDashboard()
12 SYSTEMPATH\CodeIgniter.php(502): CodeIgniter\CodeIgniter->runController(Object(App\Controllers\AbsensiRoutesController))
13 SYSTEMPATH\CodeIgniter.php(361): CodeIgniter\CodeIgniter->handleRequest(null, Object(Config\Cache), false)
14 FCPATH\index.php(79): CodeIgniter\CodeIgniter->run()
15 SYSTEMPATH\Commands\Server\rewrite.php(47): require_once('C:\\xampp\\htdocs\\cms-tefa2\\public\\index.php')
CRITICAL - 2024-04-24 00:33:32 --> [Caused by] mysqli_sql_exception: Table 'cms_tefa.mahasiswa' doesn't exist
in SYSTEMPATH\Database\MySQLi\Connection.php on line 306.
 1 SYSTEMPATH\Database\MySQLi\Connection.php(306): mysqli->query('SELECT *
FROM `akun`
INNER JOIN `mahasiswa` ON `mahasiswa`.`idakun` = `akun`.`idakun`
WHERE `role` = \'mahasiswa\'', 0)
 2 SYSTEMPATH\Database\BaseConnection.php(693): CodeIgniter\Database\MySQLi\Connection->execute('SELECT *
FROM `akun`
INNER JOIN `mahasiswa` ON `mahasiswa`.`idakun` = `akun`.`idakun`
WHERE `role` = \'mahasiswa\'')
 3 SYSTEMPATH\Database\BaseConnection.php(607): CodeIgniter\Database\BaseConnection->simpleQuery('SELECT *
FROM `akun`
INNER JOIN `mahasiswa` ON `mahasiswa`.`idakun` = `akun`.`idakun`
WHERE `role` = \'mahasiswa\'')
 4 SYSTEMPATH\Database\BaseBuilder.php(1616): CodeIgniter\Database\BaseConnection->query('SELECT *
FROM `akun`
INNER JOIN `mahasiswa` ON `mahasiswa`.`idakun` = `akun`.`idakun`
WHERE `role` = :role:', [...], false)
 5 SYSTEMPATH\Model.php(242): CodeIgniter\Database\BaseBuilder->get()
 6 SYSTEMPATH\BaseModel.php(638): CodeIgniter\Model->doFindAll(0, 0)
 7 APPPATH\Views\absensi\operator\dashboard.php(134): CodeIgniter\BaseModel->findAll()
 8 SYSTEMPATH\View\View.php(228): include('C:\\xampp\\htdocs\\cms-tefa2\\app\\Views\\absensi\\operator\\dashboard.php')
 9 SYSTEMPATH\View\View.php(231): CodeIgniter\View\View->CodeIgniter\View\{closure}()
10 SYSTEMPATH\Common.php(1178): CodeIgniter\View\View->render('absensi/operator/dashboard', [], true)
11 APPPATH\Controllers\AbsensiRoutesController.php(46): view('absensi/operator/dashboard')
12 SYSTEMPATH\CodeIgniter.php(941): App\Controllers\AbsensiRoutesController->operatorDashboard()
13 SYSTEMPATH\CodeIgniter.php(502): CodeIgniter\CodeIgniter->runController(Object(App\Controllers\AbsensiRoutesController))
14 SYSTEMPATH\CodeIgniter.php(361): CodeIgniter\CodeIgniter->handleRequest(null, Object(Config\Cache), false)
15 FCPATH\index.php(79): CodeIgniter\CodeIgniter->run()
16 SYSTEMPATH\Commands\Server\rewrite.php(47): require_once('C:\\xampp\\htdocs\\cms-tefa2\\public\\index.php')
ERROR - 2024-04-24 00:34:07 --> mysqli_sql_exception: Table 'cms_tefa.mahasiswa' doesn't exist in C:\xampp\htdocs\cms-tefa2\system\Database\MySQLi\Connection.php:306
Stack trace:
#0 C:\xampp\htdocs\cms-tefa2\system\Database\MySQLi\Connection.php(306): mysqli->query('SELECT *\nFROM `...', 0)
#1 C:\xampp\htdocs\cms-tefa2\system\Database\BaseConnection.php(693): CodeIgniter\Database\MySQLi\Connection->execute('SELECT *\nFROM `...')
#2 C:\xampp\htdocs\cms-tefa2\system\Database\BaseConnection.php(607): CodeIgniter\Database\BaseConnection->simpleQuery('SELECT *\nFROM `...')
#3 C:\xampp\htdocs\cms-tefa2\system\Database\BaseBuilder.php(1616): CodeIgniter\Database\BaseConnection->query('SELECT *\nFROM `...', Array, false)
#4 C:\xampp\htdocs\cms-tefa2\system\Model.php(242): CodeIgniter\Database\BaseBuilder->get()
#5 C:\xampp\htdocs\cms-tefa2\system\BaseModel.php(638): CodeIgniter\Model->doFindAll(0, 0)
#6 C:\xampp\htdocs\cms-tefa2\app\Views\absensi\operator\dashboard.php(134): CodeIgniter\BaseModel->findAll()
#7 C:\xampp\htdocs\cms-tefa2\system\View\View.php(228): include('C:\\xampp\\htdocs...')
#8 C:\xampp\htdocs\cms-tefa2\system\View\View.php(231): CodeIgniter\View\View->CodeIgniter\View\{closure}()
#9 C:\xampp\htdocs\cms-tefa2\system\Common.php(1178): CodeIgniter\View\View->render('absensi/operato...', Array, true)
#10 C:\xampp\htdocs\cms-tefa2\app\Controllers\AbsensiRoutesController.php(46): view('absensi/operato...')
#11 C:\xampp\htdocs\cms-tefa2\system\CodeIgniter.php(941): App\Controllers\AbsensiRoutesController->operatorDashboard()
#12 C:\xampp\htdocs\cms-tefa2\system\CodeIgniter.php(502): CodeIgniter\CodeIgniter->runController(Object(App\Controllers\AbsensiRoutesController))
#13 C:\xampp\htdocs\cms-tefa2\system\CodeIgniter.php(361): CodeIgniter\CodeIgniter->handleRequest(NULL, Object(Config\Cache), false)
#14 C:\xampp\htdocs\cms-tefa2\public\index.php(79): CodeIgniter\CodeIgniter->run()
#15 C:\xampp\htdocs\cms-tefa2\system\Commands\Server\rewrite.php(47): require_once('C:\\xampp\\htdocs...')
#16 {main}
CRITICAL - 2024-04-24 00:34:07 --> CodeIgniter\Database\Exceptions\DatabaseException: Table 'cms_tefa.mahasiswa' doesn't exist
in SYSTEMPATH\Database\BaseConnection.php on line 647.
 1 SYSTEMPATH\Database\BaseBuilder.php(1616): CodeIgniter\Database\BaseConnection->query('SELECT *
FROM `akun`
INNER JOIN `mahasiswa` ON `mahasiswa`.`idakun` = `akun`.`idakun`
WHERE `role` = :role:', [...], false)
 2 SYSTEMPATH\Model.php(242): CodeIgniter\Database\BaseBuilder->get()
 3 SYSTEMPATH\BaseModel.php(638): CodeIgniter\Model->doFindAll(0, 0)
 4 APPPATH\Views\absensi\operator\dashboard.php(134): CodeIgniter\BaseModel->findAll()
 5 SYSTEMPATH\View\View.php(228): include('C:\\xampp\\htdocs\\cms-tefa2\\app\\Views\\absensi\\operator\\dashboard.php')
 6 SYSTEMPATH\View\View.php(231): CodeIgniter\View\View->CodeIgniter\View\{closure}()
 7 SYSTEMPATH\Common.php(1178): CodeIgniter\View\View->render('absensi/operator/dashboard', [], true)
 8 APPPATH\Controllers\AbsensiRoutesController.php(46): view('absensi/operator/dashboard')
 9 SYSTEMPATH\CodeIgniter.php(941): App\Controllers\AbsensiRoutesController->operatorDashboard()
10 SYSTEMPATH\CodeIgniter.php(502): CodeIgniter\CodeIgniter->runController(Object(App\Controllers\AbsensiRoutesController))
11 SYSTEMPATH\CodeIgniter.php(361): CodeIgniter\CodeIgniter->handleRequest(null, Object(Config\Cache), false)
12 FCPATH\index.php(79): CodeIgniter\CodeIgniter->run()
13 SYSTEMPATH\Commands\Server\rewrite.php(47): require_once('C:\\xampp\\htdocs\\cms-tefa2\\public\\index.php')
CRITICAL - 2024-04-24 00:34:07 --> [Caused by] CodeIgniter\Database\Exceptions\DatabaseException: Table 'cms_tefa.mahasiswa' doesn't exist
in SYSTEMPATH\Database\MySQLi\Connection.php on line 311.
 1 SYSTEMPATH\Database\BaseConnection.php(693): CodeIgniter\Database\MySQLi\Connection->execute('SELECT *
FROM `akun`
INNER JOIN `mahasiswa` ON `mahasiswa`.`idakun` = `akun`.`idakun`
WHERE `role` = \'mahasiswa\'')
 2 SYSTEMPATH\Database\BaseConnection.php(607): CodeIgniter\Database\BaseConnection->simpleQuery('SELECT *
FROM `akun`
INNER JOIN `mahasiswa` ON `mahasiswa`.`idakun` = `akun`.`idakun`
WHERE `role` = \'mahasiswa\'')
 3 SYSTEMPATH\Database\BaseBuilder.php(1616): CodeIgniter\Database\BaseConnection->query('SELECT *
FROM `akun`
INNER JOIN `mahasiswa` ON `mahasiswa`.`idakun` = `akun`.`idakun`
WHERE `role` = :role:', [...], false)
 4 SYSTEMPATH\Model.php(242): CodeIgniter\Database\BaseBuilder->get()
 5 SYSTEMPATH\BaseModel.php(638): CodeIgniter\Model->doFindAll(0, 0)
 6 APPPATH\Views\absensi\operator\dashboard.php(134): CodeIgniter\BaseModel->findAll()
 7 SYSTEMPATH\View\View.php(228): include('C:\\xampp\\htdocs\\cms-tefa2\\app\\Views\\absensi\\operator\\dashboard.php')
 8 SYSTEMPATH\View\View.php(231): CodeIgniter\View\View->CodeIgniter\View\{closure}()
 9 SYSTEMPATH\Common.php(1178): CodeIgniter\View\View->render('absensi/operator/dashboard', [], true)
10 APPPATH\Controllers\AbsensiRoutesController.php(46): view('absensi/operator/dashboard')
11 SYSTEMPATH\CodeIgniter.php(941): App\Controllers\AbsensiRoutesController->operatorDashboard()
12 SYSTEMPATH\CodeIgniter.php(502): CodeIgniter\CodeIgniter->runController(Object(App\Controllers\AbsensiRoutesController))
13 SYSTEMPATH\CodeIgniter.php(361): CodeIgniter\CodeIgniter->handleRequest(null, Object(Config\Cache), false)
14 FCPATH\index.php(79): CodeIgniter\CodeIgniter->run()
15 SYSTEMPATH\Commands\Server\rewrite.php(47): require_once('C:\\xampp\\htdocs\\cms-tefa2\\public\\index.php')
CRITICAL - 2024-04-24 00:34:07 --> [Caused by] mysqli_sql_exception: Table 'cms_tefa.mahasiswa' doesn't exist
in SYSTEMPATH\Database\MySQLi\Connection.php on line 306.
 1 SYSTEMPATH\Database\MySQLi\Connection.php(306): mysqli->query('SELECT *
FROM `akun`
INNER JOIN `mahasiswa` ON `mahasiswa`.`idakun` = `akun`.`idakun`
WHERE `role` = \'mahasiswa\'', 0)
 2 SYSTEMPATH\Database\BaseConnection.php(693): CodeIgniter\Database\MySQLi\Connection->execute('SELECT *
FROM `akun`
INNER JOIN `mahasiswa` ON `mahasiswa`.`idakun` = `akun`.`idakun`
WHERE `role` = \'mahasiswa\'')
 3 SYSTEMPATH\Database\BaseConnection.php(607): CodeIgniter\Database\BaseConnection->simpleQuery('SELECT *
FROM `akun`
INNER JOIN `mahasiswa` ON `mahasiswa`.`idakun` = `akun`.`idakun`
WHERE `role` = \'mahasiswa\'')
 4 SYSTEMPATH\Database\BaseBuilder.php(1616): CodeIgniter\Database\BaseConnection->query('SELECT *
FROM `akun`
INNER JOIN `mahasiswa` ON `mahasiswa`.`idakun` = `akun`.`idakun`
WHERE `role` = :role:', [...], false)
 5 SYSTEMPATH\Model.php(242): CodeIgniter\Database\BaseBuilder->get()
 6 SYSTEMPATH\BaseModel.php(638): CodeIgniter\Model->doFindAll(0, 0)
 7 APPPATH\Views\absensi\operator\dashboard.php(134): CodeIgniter\BaseModel->findAll()
 8 SYSTEMPATH\View\View.php(228): include('C:\\xampp\\htdocs\\cms-tefa2\\app\\Views\\absensi\\operator\\dashboard.php')
 9 SYSTEMPATH\View\View.php(231): CodeIgniter\View\View->CodeIgniter\View\{closure}()
10 SYSTEMPATH\Common.php(1178): CodeIgniter\View\View->render('absensi/operator/dashboard', [], true)
11 APPPATH\Controllers\AbsensiRoutesController.php(46): view('absensi/operator/dashboard')
12 SYSTEMPATH\CodeIgniter.php(941): App\Controllers\AbsensiRoutesController->operatorDashboard()
13 SYSTEMPATH\CodeIgniter.php(502): CodeIgniter\CodeIgniter->runController(Object(App\Controllers\AbsensiRoutesController))
14 SYSTEMPATH\CodeIgniter.php(361): CodeIgniter\CodeIgniter->handleRequest(null, Object(Config\Cache), false)
15 FCPATH\index.php(79): CodeIgniter\CodeIgniter->run()
16 SYSTEMPATH\Commands\Server\rewrite.php(47): require_once('C:\\xampp\\htdocs\\cms-tefa2\\public\\index.php')
CRITICAL - 2024-04-24 01:14:28 --> CodeIgniter\View\Exceptions\ViewException: Invalid file: "admin/dashboardFilter.php"
in SYSTEMPATH\Exceptions\FrameworkException.php on line 39.
 1 SYSTEMPATH\View\View.php(216): CodeIgniter\Exceptions\FrameworkException::forInvalidFile('admin/dashboardFilter.php')
 2 SYSTEMPATH\Common.php(1178): CodeIgniter\View\View->render('admin/dashboardFilter', [], true)
 3 APPPATH\Controllers\AbsensiController.php(94): view('admin/dashboardFilter', [...])
 4 SYSTEMPATH\CodeIgniter.php(941): App\Controllers\AbsensiController->dashboardFilter('2024-04-02')
 5 SYSTEMPATH\CodeIgniter.php(502): CodeIgniter\CodeIgniter->runController(Object(App\Controllers\AbsensiController))
 6 SYSTEMPATH\CodeIgniter.php(361): CodeIgniter\CodeIgniter->handleRequest(null, Object(Config\Cache), false)
 7 FCPATH\index.php(79): CodeIgniter\CodeIgniter->run()
 8 SYSTEMPATH\Commands\Server\rewrite.php(47): require_once('C:\\xampp\\htdocs\\cms-tefa2\\public\\index.php')
CRITICAL - 2024-04-24 01:14:30 --> CodeIgniter\View\Exceptions\ViewException: Invalid file: "admin/dashboardFilter.php"
in SYSTEMPATH\Exceptions\FrameworkException.php on line 39.
 1 SYSTEMPATH\View\View.php(216): CodeIgniter\Exceptions\FrameworkException::forInvalidFile('admin/dashboardFilter.php')
 2 SYSTEMPATH\Common.php(1178): CodeIgniter\View\View->render('admin/dashboardFilter', [], true)
 3 APPPATH\Controllers\AbsensiController.php(94): view('admin/dashboardFilter', [...])
 4 SYSTEMPATH\CodeIgniter.php(941): App\Controllers\AbsensiController->dashboardFilter('2024-04-02')
 5 SYSTEMPATH\CodeIgniter.php(502): CodeIgniter\CodeIgniter->runController(Object(App\Controllers\AbsensiController))
 6 SYSTEMPATH\CodeIgniter.php(361): CodeIgniter\CodeIgniter->handleRequest(null, Object(Config\Cache), false)
 7 FCPATH\index.php(79): CodeIgniter\CodeIgniter->run()
 8 SYSTEMPATH\Commands\Server\rewrite.php(47): require_once('C:\\xampp\\htdocs\\cms-tefa2\\public\\index.php')
