CRITICAL - 2024-04-23 02:11:19 --> ErrorException: Undefined array key 0
in APPPATH\Controllers\Controller.php on line 33.
 1 APPPATH\Controllers\Controller.php(33): CodeIgniter\Debug\Exceptions->errorHandler(2, 'Undefined array key 0', 'C:\\xampp\\htdocs\\cms-tefa\\app\\Controllers\\Controller.php', 33)
 2 SYSTEMPATH\CodeIgniter.php(941): App\Controllers\Controller->loginAction()
 3 SYSTEMPATH\CodeIgniter.php(502): CodeIgniter\CodeIgniter->runController(Object(App\Controllers\Controller))
 4 SYSTEMPATH\CodeIgniter.php(361): CodeIgniter\CodeIgniter->handleRequest(null, Object(Config\Cache), false)
 5 FCPATH\index.php(79): CodeIgniter\CodeIgniter->run()
 6 SYSTEMPATH\Commands\Server\rewrite.php(47): require_once('C:\\xampp\\htdocs\\cms-tefa\\public\\index.php')
CRITICAL - 2024-04-23 02:11:27 --> ErrorException: Undefined array key 0
in APPPATH\Controllers\Controller.php on line 33.
 1 APPPATH\Controllers\Controller.php(33): CodeIgniter\Debug\Exceptions->errorHandler(2, 'Undefined array key 0', 'C:\\xampp\\htdocs\\cms-tefa\\app\\Controllers\\Controller.php', 33)
 2 SYSTEMPATH\CodeIgniter.php(941): App\Controllers\Controller->loginAction()
 3 SYSTEMPATH\CodeIgniter.php(502): CodeIgniter\CodeIgniter->runController(Object(App\Controllers\Controller))
 4 SYSTEMPATH\CodeIgniter.php(361): CodeIgniter\CodeIgniter->handleRequest(null, Object(Config\Cache), false)
 5 FCPATH\index.php(79): CodeIgniter\CodeIgniter->run()
 6 SYSTEMPATH\Commands\Server\rewrite.php(47): require_once('C:\\xampp\\htdocs\\cms-tefa\\public\\index.php')
CRITICAL - 2024-04-23 02:12:26 --> ErrorException: Undefined array key 0
in APPPATH\Controllers\Controller.php on line 33.
 1 APPPATH\Controllers\Controller.php(33): CodeIgniter\Debug\Exceptions->errorHandler(2, 'Undefined array key 0', 'C:\\xampp\\htdocs\\cms-tefa\\app\\Controllers\\Controller.php', 33)
 2 SYSTEMPATH\CodeIgniter.php(941): App\Controllers\Controller->loginAction()
 3 SYSTEMPATH\CodeIgniter.php(502): CodeIgniter\CodeIgniter->runController(Object(App\Controllers\Controller))
 4 SYSTEMPATH\CodeIgniter.php(361): CodeIgniter\CodeIgniter->handleRequest(null, Object(Config\Cache), false)
 5 FCPATH\index.php(79): CodeIgniter\CodeIgniter->run()
 6 SYSTEMPATH\Commands\Server\rewrite.php(47): require_once('C:\\xampp\\htdocs\\cms-tefa\\public\\index.php')
CRITICAL - 2024-04-23 02:12:58 --> ErrorException: Undefined array key 0
in APPPATH\Controllers\Controller.php on line 33.
 1 APPPATH\Controllers\Controller.php(33): CodeIgniter\Debug\Exceptions->errorHandler(2, 'Undefined array key 0', 'C:\\xampp\\htdocs\\cms-tefa\\app\\Controllers\\Controller.php', 33)
 2 SYSTEMPATH\CodeIgniter.php(941): App\Controllers\Controller->loginAction()
 3 SYSTEMPATH\CodeIgniter.php(502): CodeIgniter\CodeIgniter->runController(Object(App\Controllers\Controller))
 4 SYSTEMPATH\CodeIgniter.php(361): CodeIgniter\CodeIgniter->handleRequest(null, Object(Config\Cache), false)
 5 FCPATH\index.php(79): CodeIgniter\CodeIgniter->run()
 6 SYSTEMPATH\Commands\Server\rewrite.php(47): require_once('C:\\xampp\\htdocs\\cms-tefa\\public\\index.php')
